Solid Edge Translation To 3MF
Date: jueves,octubre 17,2024 11:07a. m.
Output File: C:\Users\ideam\GIT\Brinko\MeshParts\OBJ\PAN\pan-2x3.3mf
Author: Unknown
Organization: Unknown
Source System: SOLID EDGE

Hardware:
Processor: AMD Ryzen 3 2200G with Radeon Vega Graphics    
Operating System: Windows 10 Professional
Installed Memory: 13.94 GB

Software Information:
Parasolid Version: 36.0.142
PSBodyshop Version: 36.0.108
3MF Adapter Version: 13.0.193
Solid Edge Version: 224.00.00.101 x64

3MF Export Options
Export Construction Solids:Off
Export Displayed Parts:Off
Enable Logging:On
AllowInvalid3mfObjects:Off
Export Flatten Assembly:On
Export Units:Millimeters
Export Tolerance Value:1.250000
Export Tolerance Type:Custom
Export Surface Plane Angle Value:0.523599
Export Author:Unknown
Export Description:Unknown
Export Organization:Unknown
Export Program Name:Unknown

Translation progress:
Phase 1 of 1 Translating Parasolid to foreign data types...
Translation process completed
Time required to translate:00 : 00 : 00
