Conversión de Solid Edge en OBJ
Fecha: Friday,August 30,2024 01:32PM
Archivo de salida: C:\Users\IDEA 1.61\GIT\Brinko\MeshParts\OBJ\PAN\pan-es-2x2.obj
Autor: Desconocido
Organización: Desconocido
Sistema fuente: SOLID EDGE

Hardware:
Procesador: Intel(R) Core(TM) i5-3320M CPU @ 2.60GHz
Sistema operativo: Windows 10 Professional
Memoria instalada: 7.82 GB

Información sobre el software:
Versión de Parasolid: 36.0.142
Versión de PSBodyShop: 36.0.108
Versión del adaptador OBJ: 13.0.209
Versión de Solid Edge: 224.00.00.101 x64

Opciones de exportación de OBJ:
Exportar los sólidos de construcción: Desactivado
Exportar las piezas visualizadas: Desactivado
Exportar Superficies de construcción: Desactivado
Habilitar registro de anotaciones: Activado
Exportar texturas: Desactivado
Exportar conjunto en fichero plano: On
Exportar cuerpos sólidos y superficies de construcción, si no hay cuerpos de diseño:Desactivado
Unidades de exportación: Millimeters
Valor de la tolerancia de exportación:0.001000
Tipo de tolerancia de exportación: Fine
Valor del ángulo plano de superficie de exportación:0.523599

Avance en la conversión:
Se completó el proceso de conversión
Tiempo necesario para convertir:00 : 00 : 01
