Solid Edge Translation To obj
Date: jueves,agosto 22,2024 01:38p. m.
Output File: C:\Users\ideam\GIT\Brinko\MeshParts\OBJ\pan-2x3.obj
Author: Unknown
Organization: Unknown
Source System: SOLID EDGE

Hardware:
Processor: AMD Ryzen 3 2200G with Radeon Vega Graphics    
Operating System: Windows 10 Professional
Installed Memory: 13.94 GB

Software Information:
Parasolid Version: 36.0.142
PSBodyshop Version: 36.0.108
OBJ Adapter Version: 13.0.209
Solid Edge Version: 224.00.00.101 x64

OBJ Export Options:
Export Construction Solids:Off
Export Displayed Parts:Off
Export Construction Sheets:Off
Enable Logging:On
Export Textures:Off
Export Flatten Assembly:On
Export Construction Solids and Sheets if design bodies not present:Off
Export Units:Millimeters
Export Tolerance Value:0.001000
Export Tolerance Type:Fine
Export Surface Plane Angle Value:0.523599

Translation progress:
Translation process completed
Time required to translate:00 : 00 : 01
