Conversión de Solid Edge en OBJ
Fecha: martes,noviembre 26,2024 01:07p. m.
Archivo de salida: C:\Users\pablo\GIT_1\Brinko\MeshParts\OBJ\BIK\bik -an.obj
Autor: Desconocido
Organización: Desconocido
Sistema fuente: SOLID EDGE

Hardware:
Procesador: 12th Gen Intel(R) Core(TM) i5-12500H
Sistema operativo: Windows 10
Memoria instalada: 15.62 GB

Información sobre el software:
Versión de Parasolid: 36.0.142
Versión de PSBodyShop: 36.0.108
Versión del adaptador OBJ: 13.0.209
Versión de Solid Edge: 224.00.00.101 x64

Opciones de exportación de OBJ:
Exportar los sólidos de construcción: Desactivado
Exportar las piezas visualizadas: Activado
Exportar Superficies de construcción: Desactivado
Habilitar registro de anotaciones: Activado
Exportar texturas: Desactivado
Exportar conjunto en fichero plano: On
Exportar cuerpos sólidos y superficies de construcción, si no hay cuerpos de diseño:Desactivado
Unidades de exportación: Millimeters
Valor de la tolerancia de exportación:1.250000
Tipo de tolerancia de exportación: Custom
Valor del ángulo plano de superficie de exportación:0.523599

Avance en la conversión:
Se completó el proceso de conversión
Tiempo necesario para convertir:00 : 00 : 00
