OBJ translation to Solid Edge
Date: jueves,octubre 17,2024 11:07a. m.
Source File:C:\Users\ideam\GIT\Brinko\MeshParts\OBJ\pan-2x3.obj
Author: Unknown
Organization: Unknown
Source System: DEX

Hardware:
Processor: AMD Ryzen 3 2200G with Radeon Vega Graphics    
Operating System: Windows 10 Professional
Installed Memory: 13.94 GB

Software Information:
Parasolid Version: 36.0.142
PSBodyshop Version: 36.0.108
OBJ Adapter Version: 13.0.209
Solid Edge Version: 224.00.00.101 x64

OBJ Import options 
Split Groups:Off
Heal Mesh Faults:Off
Make Base Feature:On
Enable Logging:On

Translation progress:
Unknown
Translation process completed
Total time required to translate and post process:00 : 00 : 01
