Solid Edge Translation To 3MF
Date: Wednesday,November 06,2024 01:12PM
Output File: C:\Users\ideam\OneDrive\Documentos\NUEVO\MeshParts\3MF\BIK\bik-1x8.3mf
Author: Enya
Organization: IDEA 1.61
Source System: SOLID EDGE

Hardware:
Processor: AMD Ryzen 3 2200G with Radeon Vega Graphics    
Operating System: Windows 10 Professional
Installed Memory: 13.94 GB

Software Information:
Parasolid Version: 36.0.142
PSBodyshop Version: 36.0.108
3MF Adapter Version: 13.0.193
Solid Edge Version: 224.00.00.101 x64

3MF Export Options
Export Construction Solids:Off
Export Displayed Parts:Off
Enable Logging:On
AllowInvalid3mfObjects:Off
Export Flatten Assembly:On
Export Units:Millimeters
Export Tolerance Value:0.001000
Export Tolerance Type:Fine
Export Surface Plane Angle Value:0.523599
Export Author:Enya
Export Description:part
Export Organization:IDEA 1.61
Export Program Name:Solid Edge

Translation progress:
Phase 1 of 1 Translating Parasolid to foreign data types...
Translation process completed
Time required to translate:00 : 00 : 01
