Conversión de Solid Edge en 3MF
Fecha: lunes,abril 21,2025 11:18a. m.
Archivo de salida: C:\Users\pablo\GIT\Brinko\MeshParts\FINO\MeshParts\3MF\BIK\bik-fr-1x3.3mf
Autor: Pablo VC
Organización: IDEA 1.61
Sistema fuente: SOLID EDGE

Hardware:
Procesador: 12th Gen Intel(R) Core(TM) i5-12500H
Sistema operativo: Windows 10
Memoria instalada: 15.62 GB

Información sobre el software:
Versión de Parasolid: 37.0.118
Versión de PSBodyShop: 37.0.94
Versión del adaptador 3MF: 15.0.142
Versión de Solid Edge: 225.00.01.004 x64

Opciones de exportación de 3MF
Exportar los sólidos de construcción: Desactivado
Exportar las piezas visualizadas: Desactivado
Habilitar registro de anotaciones: Activado
AllowInvalid3mfObjects:Desactivado
Exportar conjunto en fichero plano: On
Unidades de exportación: Millimeters
Valor de la tolerancia de exportación:0.001000
Tipo de tolerancia de exportación: Fine
Valor del ángulo plano de superficie de exportación:0.523599
Autor de exportación: Pablo VC
Descripción de exportación: pieza
Organización de exportación: IDEA 1.61
Nombre del programa de exportación: Siemens Solid Edge

Avance en la conversión:
Fase 1 de 1 convirtiendo Parasolid en tipos de datos externos...
Se completó el proceso de conversión
Tiempo necesario para convertir:00 : 00 : 01
